#
# A fatal error has been detected by the Java Runtime Environment:
#
#  EXCEPTION_ACCESS_VIOLATION (0xc0000005) at pc=0x10003580, pid=10756, tid=4676
#
# JRE version: 6.0_24-b07
# Java VM: Java HotSpot(TM) Client VM (19.1-b02 mixed mode, sharing windows-x86 )
# Problematic frame:
# C  0x10003580
#
# If you would like to submit a bug report, please visit:
#   http://java.sun.com/webapps/bugreport/crash.jsp
# The crash happened outside the Java Virtual Machine in native code.
# See problematic frame for where to report the bug.
#

---------------  T H R E A D  ---------------

Current thread (0x0236dc00):  JavaThread "Finalizer" daemon [_thread_in_native, id=4676, stack(0x04710000,0x04760000)]

siginfo: ExceptionCode=0xc0000005, reading address 0x10003580

Registers:
EAX=0x10003580, EBX=0x343f8588, ECX=0x0236dd18, EDX=0x343fa648
ESP=0x0475f64c, EBP=0x0475f68c, ESI=0x343f8588, EDI=0x0236dc00
EIP=0x10003580, EFLAGS=0x00010283

Register to memory mapping:

EAX=0x10003580
0x10003580 is pointing to unknown location

EBX=0x343f8588
{method} 
 - klass: {other class}

ECX=0x0236dd18
0x0236dd18 is pointing to unknown location

EDX=0x343fa648
{constant pool cache} 
 - klass: {other class}

ESP=0x0475f64c
0x0475f64c is pointing into the stack for thread: 0x0236dc00
"Finalizer" daemon prio=8 tid=0x0236dc00 nid=0x1244 runnable [0x0475f000]
   java.lang.Thread.State: RUNNABLE

EBP=0x0475f68c
0x0475f68c is pointing into the stack for thread: 0x0236dc00
"Finalizer" daemon prio=8 tid=0x0236dc00 nid=0x1244 runnable [0x0475f000]
   java.lang.Thread.State: RUNNABLE

ESI=0x343f8588
{method} 
 - klass: {other class}

EDI=0x0236dc00
"Finalizer" daemon prio=8 tid=0x0236dc00 nid=0x1244 runnable [0x0475f000]
   java.lang.Thread.State: RUNNABLE


Top of Stack: (sp=0x0475f64c)
0x0475f64c:   023f9fc7 0236dd18 0475f694 0507a480
0x0475f65c:   00000000 00000022 0236dc00 3824dd50
0x0475f66c:   0475f66c 00000000 0475f6a0 343fa648
0x0475f67c:   00000000 343f8588 00000000 0475f69c
0x0475f68c:   0475f6c4 023f2e21 343f8d28 023f82e9
0x0475f69c:   0507a480 00000000 0475f6a4 3441bf59
0x0475f6ac:   0475f6d0 3442cbd0 00000000 3441bf78
0x0475f6bc:   0475f69c 0475f6cc 0475f6fc 023f2e21 

Instructions: (pc=0x10003580)
0x10003570:   
[error occurred during error reporting (printing registers, top of stack, instructions near pc), id 0xc0000005]

Stack: [0x04710000,0x04760000],  sp=0x0475f64c,  free space=317k
Native frames: (J=compiled Java code, j=interpreted, Vv=VM code, C=native code)
C  0x10003580
j  com.sun.jna.Memory.free(J)V+1
j  com.sun.jna.Memory.dispose()V+4
j  com.sun.jna.Memory.finalize()V+1
v  ~StubRoutines::call_stub
V  [jvm.dll+0xf0ab9]
V  [jvm.dll+0x1837d1]
V  [jvm.dll+0xf0b3d]
V  [jvm.dll+0xfa2e1]
V  [jvm.dll+0xfcfc4]
C  [java.dll+0x2100]
j  java.lang.ref.Finalizer.runFinalizer()V+45
j  java.lang.ref.Finalizer.access$100(Ljava/lang/ref/Finalizer;)V+1
j  java.lang.ref.Finalizer$FinalizerThread.run()V+11
v  ~StubRoutines::call_stub
V  [jvm.dll+0xf0ab9]
V  [jvm.dll+0x1837d1]
V  [jvm.dll+0xf0c61]
V  [jvm.dll+0xf0cbb]
V  [jvm.dll+0x11b4b9]
V  [jvm.dll+0x1e4624]
V  [jvm.dll+0x18317c]
C  [msvcr71.dll+0x9565]
C  [kernel32.dll+0x1339a]
C  [ntdll.dll+0x39ef2]
C  [ntdll.dll+0x39ec5]

Java frames: (J=compiled Java code, j=interpreted, Vv=VM code)
j  com.sun.jna.Native.free(J)V+0
j  com.sun.jna.Memory.free(J)V+1
j  com.sun.jna.Memory.dispose()V+4
j  com.sun.jna.Memory.finalize()V+1
v  ~StubRoutines::call_stub
j  java.lang.ref.Finalizer.invokeFinalizeMethod(Ljava/lang/Object;)V+0
j  java.lang.ref.Finalizer.runFinalizer()V+45
j  java.lang.ref.Finalizer.access$100(Ljava/lang/ref/Finalizer;)V+1
j  java.lang.ref.Finalizer$FinalizerThread.run()V+11
v  ~StubRoutines::call_stub

---------------  P R O C E S S  ---------------

Java Threads: ( => current thread )
  0x02380c00 JavaThread "Low Memory Detector" daemon [_thread_blocked, id=9636, stack(0x04950000,0x049a0000)]
  0x0237c000 JavaThread "CompilerThread0" daemon [_thread_blocked, id=11256, stack(0x048c0000,0x04910000)]
  0x0237b000 JavaThread "Attach Listener" daemon [_thread_blocked, id=7736, stack(0x04830000,0x04880000)]
  0x02378000 JavaThread "Signal Dispatcher" daemon [_thread_blocked, id=8828, stack(0x047a0000,0x047f0000)]
=>0x0236dc00 JavaThread "Finalizer" daemon [_thread_in_native, id=4676, stack(0x04710000,0x04760000)]
  0x0236bc00 JavaThread "Reference Handler" daemon [_thread_blocked, id=9460, stack(0x04680000,0x046d0000)]
  0x0014b800 JavaThread "main" [_thread_blocked, id=2492, stack(0x022a0000,0x022f0000)]

Other Threads:
  0x02330400 VMThread [stack: 0x045f0000,0x04640000] [id=9788]
  0x0239b800 WatcherThread [stack: 0x049e0000,0x04a30000] [id=8684]

VM state:not at safepoint (normal execution)

VM Mutex/Monitor currently owned by a thread: None

Heap
 def new generation   total 4928K, used 405K [0x24200000, 0x24750000, 0x29750000)
  eden space 4416K,   3% used [0x24200000, 0x2422adb8, 0x24650000)
  from space 512K,  45% used [0x24650000, 0x2468a6b8, 0x246d0000)
  to   space 512K,   0% used [0x246d0000, 0x246d0000, 0x24750000)
 tenured generation   total 10944K, used 519K [0x29750000, 0x2a200000, 0x34200000)
   the space 10944K,   4% used [0x29750000, 0x297d1c50, 0x297d1e00, 0x2a200000)
 compacting perm gen  total 12288K, used 3102K [0x34200000, 0x34e00000, 0x38200000)
   the space 12288K,  25% used [0x34200000, 0x34507980, 0x34507a00, 0x34e00000)
    ro space 10240K,  54% used [0x38200000, 0x3877d9f8, 0x3877da00, 0x38c00000)
    rw space 12288K,  55% used [0x38c00000, 0x392a13f8, 0x392a1400, 0x39800000)

Dynamic libraries:
0x00400000 - 0x00424000 	C:\Program Files (x86)\Java\jdk1.6.0_24\jre\bin\java.exe
0x77a10000 - 0x77b90000 	C:\Windows\SysWOW64\ntdll.dll
0x76bf0000 - 0x76d00000 	C:\Windows\syswow64\kernel32.dll
0x767b0000 - 0x767f6000 	C:\Windows\syswow64\KERNELBASE.dll
0x752c0000 - 0x75360000 	C:\Windows\syswow64\ADVAPI32.dll
0x76650000 - 0x766fc000 	C:\Windows\syswow64\msvcrt.dll
0x76590000 - 0x765a9000 	C:\Windows\SysWOW64\sechost.dll
0x764a0000 - 0x76590000 	C:\Windows\syswow64\RPCRT4.dll
0x750f0000 - 0x75150000 	C:\Windows\syswow64\SspiCli.dll
0x750e0000 - 0x750ec000 	C:\Windows\syswow64\CRYPTBASE.dll
0x6f980000 - 0x6f98e000 	C:\Program Files\Ansicon\ANSI32.dll
0x77050000 - 0x77150000 	C:\Windows\syswow64\USER32.dll
0x76d00000 - 0x76d90000 	C:\Windows\syswow64\GDI32.dll
0x767a0000 - 0x767aa000 	C:\Windows\syswow64\LPK.dll
0x76700000 - 0x7679d000 	C:\Windows\syswow64\USP10.dll
0x76950000 - 0x769b0000 	C:\Windows\system32\IMM32.DLL
0x76830000 - 0x768fc000 	C:\Windows\syswow64\MSCTF.dll
0x7c340000 - 0x7c396000 	C:\Program Files (x86)\Java\jdk1.6.0_24\jre\bin\msvcr71.dll
0x6d8a0000 - 0x6db46000 	C:\Program Files (x86)\Java\jdk1.6.0_24\jre\bin\client\jvm.dll
0x71710000 - 0x71742000 	C:\Windows\system32\WINMM.dll
0x707e0000 - 0x7082c000 	C:\Windows\system32\apphelp.dll
0x6d850000 - 0x6d85c000 	C:\Program Files (x86)\Java\jdk1.6.0_24\jre\bin\verify.dll
0x6d3d0000 - 0x6d3ef000 	C:\Program Files (x86)\Java\jdk1.6.0_24\jre\bin\java.dll
0x6d330000 - 0x6d338000 	C:\Program Files (x86)\Java\jdk1.6.0_24\jre\bin\hpi.dll
0x75fd0000 - 0x75fd5000 	C:\Windows\syswow64\PSAPI.DLL
0x6d890000 - 0x6d89f000 	C:\Program Files (x86)\Java\jdk1.6.0_24\jre\bin\zip.dll
0x6d6b0000 - 0x6d6c3000 	C:\Program Files (x86)\Java\jdk1.6.0_24\jre\bin\net.dll
0x76310000 - 0x76345000 	C:\Windows\syswow64\WS2_32.dll
0x779e0000 - 0x779e6000 	C:\Windows\syswow64\NSI.dll
0x71ab0000 - 0x71aec000 	C:\Windows\system32\mswsock.dll
0x71770000 - 0x71776000 	C:\Windows\System32\wship6.dll
0x71b30000 - 0x71b40000 	C:\Windows\system32\NLAapi.dll
0x71b20000 - 0x71b30000 	C:\Windows\system32\napinsp.dll
0x71b00000 - 0x71b12000 	C:\Windows\system32\pnrpnsp.dll
0x71af0000 - 0x71afd000 	C:\Windows\system32\wshbth.dll
0x71a60000 - 0x71aa4000 	C:\Windows\system32\DNSAPI.dll
0x71a10000 - 0x71a18000 	C:\Windows\System32\winrnr.dll
0x719e0000 - 0x71a07000 	C:\Program Files (x86)\Common Files\Microsoft Shared\Windows Live\WLIDNSP.DLL
0x75150000 - 0x751a7000 	C:\Windows\syswow64\SHLWAPI.dll
0x719b0000 - 0x719d1000 	C:\Program Files (x86)\Bonjour\mdnsNSP.dll
0x717b0000 - 0x717cc000 	C:\Windows\system32\Iphlpapi.DLL
0x717a0000 - 0x717a7000 	C:\Windows\system32\WINNSI.DLL
0x71790000 - 0x71795000 	C:\Windows\System32\wshtcpip.dll
0x73e00000 - 0x73e06000 	C:\Windows\system32\rasadhlp.dll
0x6f2e0000 - 0x6f318000 	C:\Windows\System32\fwpuclnt.dll
0x73860000 - 0x73876000 	C:\Windows\system32\CRYPTSP.dll
0x73820000 - 0x7385b000 	C:\Windows\system32\rsaenh.dll
0x738f0000 - 0x73907000 	C:\Windows\system32\USERENV.dll
0x738e0000 - 0x738eb000 	C:\Windows\system32\profapi.dll
0x70530000 - 0x70538000 	C:\Windows\system32\Secur32.dll
0x702a0000 - 0x702a8000 	C:\Windows\system32\credssp.dll
0x6bf70000 - 0x6bfb2000 	C:\Windows\SysWOW64\msv1_0.DLL
0x6c0a0000 - 0x6c0b1000 	C:\Windows\system32\cryptdll.dll

VM Arguments:
jvm_args: -Demma.coverage.out.file=C:\Users\dblock\Source\GitHub\waffle\dblock\Source\JNA\waffle-tomcat5/cover/coverage.emma 
java_command: org.apache.tools.ant.taskdefs.optional.junit.JUnitTestRunner waffle.apache.NegotiateAuthenticatorTests filtertrace=true haltOnError=false haltOnFailure=false formatter=org.apache.tools.ant.taskdefs.optional.junit.SummaryJUnitResultFormatter showoutput=false outputtoformatters=true logfailedtests=true logtestlistenerevents=false formatter=org.apache.tools.ant.taskdefs.optional.junit.XMLJUnitResultFormatter,C:\Users\dblock\Source\GitHub\waffle\dblock\Source\JNA\waffle-tomcat5\test\TEST-waffle.apache.NegotiateAuthenticatorTests.xml crashfile=C:\Users\dblock\Source\GitHub\waffle\dblock\Source\JNA\waffle-tomcat5\junitvmwatcher4469304933623607335.properties propsfile=C:\Users\dblock\Source\GitHub\waffle\dblock\Source\JNA\waffle-tomcat5\junit1180932372536737382.properties
Launcher Type: SUN_STANDARD

Environment Variables:
JAVA_HOME=C:\Program Files (x86)\Java\jdk1.6.0_24
CLASSPATH=.;C:\Program Files (x86)\Java\jre6\lib\ext\QTJava.zip
PATH=C:\Program Files\Common Files\Microsoft Shared\Windows Live;C:\Program Files (x86)\Common Files\Microsoft Shared\Windows Live;C:\Program Files (x86)\CollabNet\Subversion Client;C:\Programs\ImageMagick;;C:\Windows\system32;C:\Windows;C:\Windows\System32\Wbem;C:\Windows\System32\WindowsPowerShell\v1.0\;C:\Program Files\ThinkPad\Bluetooth Software\;C:\Program Files\ThinkPad\Bluetooth Software\syswow64;C:\Program Files (x86)\Common Files\Lenovo;C:\Program Files (x86)\Common Files\Ulead Systems\MPEG;C:\Program Files (x86)\Windows Live\Shared;C:\Program Files (x86)\Git\cmd;C:\Program Files (x86)\Microsoft SQL Server\100\Tools\Binn\;C:\Program Files\Microsoft SQL Server\100\Tools\Binn\;C:\Program Files\Microsoft SQL Server\100\DTS\Binn\;C:\Program Files (x86)\Microsoft SQL Server\100\Tools\Binn\VSShell\Common7\IDE\;C:\Program Files (x86)\Microsoft Visual Studio 9.0\Common7\IDE\PrivateAssemblies\;C:\Program Files (x86)\Microsoft SQL Server\100\DTS\Binn\;C:\Program Files\MySQL\MySQL Server 5.5\bin;C:\Program Files (x86)\Tools\bin;C:\Program Files\MongoDB\bin;C:\Program Files\TortoiseSVN\bin;c:\Programs\ImageMagick;C:\Program Files\Ant\bin;C:\Program Files (x86)\doxygen\bin;C:\Programs\Python27;C:\Programs\Python27\Scripts;C:\Program Files (x86)\CoffeeScript;C:\Program Files (x86)\QuickTime\QTSystem\;C:\Program Files (x86)\Gource;C:\Program Files (x86)\Google\Google Apps Migration\;C:\Program Files (x86)\Maven\bin;C:\Ruby\bin;C:\Program Files (x86)\Google\google_appengine\
USERNAME=dblock
OS=Windows_NT
PROCESSOR_IDENTIFIER=Intel64 Family 6 Model 37 Stepping 5, GenuineIntel



---------------  S Y S T E M  ---------------

OS: Windows 7 Build 7601 Service Pack 1

CPU:total 4 (2 cores per cpu, 2 threads per core) family 6 model 37 stepping 5, cmov, cx8, fxsr, mmx, sse, sse2, sse3, ssse3, sse4.1, sse4.2, popcnt, ht

Memory: 4k page, physical 3985072k(1000716k free), swap 7968292k(3580620k free)

vm_info: Java HotSpot(TM) Client VM (19.1-b02) for windows-x86 JRE (1.6.0_24-b07), built on Feb  2 2011 17:44:41 by "java_re" with MS VC++ 7.1 (VS2003)

time: Sun Jul 08 22:52:31 2012
elapsed time: 1 seconds

